


ARM Macro Assembler    Page 1 


    1 00000000         ;/******************************************************
                       ***********************
    2 00000000         ; * @file:    startup_LPC15xx.s
    3 00000000         ; * @purpose: CMSIS Cortex-M3 Core Device Startup File
    4 00000000         ; *           for the NXP LPC15xx Device Series (manuall
                       y edited)
    5 00000000         ; * @version: V1.0
    6 00000000         ; * @date:    25. Nov. 2008
    7 00000000         ; *------- <<< Use Configuration Wizard in Context Menu 
                       >>> ------------------
    8 00000000         ; *
    9 00000000         ; * Copyright (C) 2008 ARM Limited. All rights reserved.
                       
   10 00000000         ; * ARM Limited (ARM) is supplying this software for use
                        with Cortex-M0
   11 00000000         ; * processor based microcontrollers.  This file can be 
                       freely distributed
   12 00000000         ; * within development tools that are supporting such AR
                       M based processors.
   13 00000000         ; *
   14 00000000         ; * THIS SOFTWARE IS PROVIDED "AS IS".  NO WARRANTIES, W
                       HETHER EXPRESS, IMPLIED
   15 00000000         ; * OR STATUTORY, INCLUDING, BUT NOT LIMITED TO, IMPLIED
                        WARRANTIES OF
   16 00000000         ; * MERCHANTABILITY AND FITNESS FOR A PARTICULAR PURPOSE
                        APPLY TO THIS SOFTWARE.
   17 00000000         ; * ARM SHALL NOT, IN ANY CIRCUMSTANCES, BE LIABLE FOR S
                       PECIAL, INCIDENTAL, OR
   18 00000000         ; * CONSEQUENTIAL DAMAGES, FOR ANY REASON WHATSOEVER.
   19 00000000         ; *
   20 00000000         ; ******************************************************
                       ***********************/
   21 00000000         
   22 00000000         ; <h> Stack Configuration
   23 00000000         ;   <o> Stack Size (in Bytes) <0x0-0xFFFFFFFF:8>
   24 00000000         ; </h>
   25 00000000         
   26 00000000 00000800 
                       Stack_Size
                               EQU              0x00000800
   27 00000000         
   28 00000000                 AREA             STACK, NOINIT, READWRITE, ALIGN
=3
   29 00000000         Stack_Mem
                               SPACE            Stack_Size
   30 00000800         __initial_sp
   31 00000800         
   32 00000800         
   33 00000800         ; <h> Heap Configuration
   34 00000800         ;   <o>  Heap Size (in Bytes) <0x0-0xFFFFFFFF:8>
   35 00000800         ; </h>
   36 00000800         
   37 00000800 00001000 
                       Heap_Size
                               EQU              0x00001000
   38 00000800         
   39 00000800                 AREA             HEAP, NOINIT, READWRITE, ALIGN=
3
   40 00000000         __heap_base



ARM Macro Assembler    Page 2 


   41 00000000         Heap_Mem
                               SPACE            Heap_Size
   42 00001000         __heap_limit
   43 00001000         
   44 00001000         
   45 00001000                 PRESERVE8
   46 00001000                 THUMB
   47 00001000         
   48 00001000         
   49 00001000         ; Vector Table Mapped to Address 0 at Reset
   50 00001000         
   51 00001000                 AREA             RESET, DATA, READONLY
   52 00000000                 EXPORT           __Vectors
   53 00000000         
   54 00000000 00000000 
                       __Vectors
                               DCD              __initial_sp ; Top of Stack
   55 00000004 00000000        DCD              Reset_Handler ; Reset Handler
   56 00000008 00000000        DCD              NMI_Handler ; NMI Handler
   57 0000000C 00000000        DCD              HardFault_Handler ; Hard Fault 
                                                            Handler
   58 00000010 00000000        DCD              0           ; Reserved
   59 00000014 00000000        DCD              0           ; Reserved
   60 00000018 00000000        DCD              0           ; Reserved
   61 0000001C 00000000        DCD              0           ; Reserved
   62 00000020 00000000        DCD              0           ; Reserved
   63 00000024 00000000        DCD              0           ; Reserved
   64 00000028 00000000        DCD              0           ; Reserved
   65 0000002C 00000000        DCD              SVC_Handler ; SVCall Handler
   66 00000030 00000000        DCD              0           ; Reserved
   67 00000034 00000000        DCD              0           ; Reserved
   68 00000038 00000000        DCD              PendSV_Handler ; PendSV Handler
                                                            
   69 0000003C 00000000        DCD              SysTick_Handler 
                                                            ; SysTick Handler
   70 00000040         
   71 00000040 00000000        DCD              WDT_IRQHandler ; WDT interrupt
   72 00000044 00000000        DCD              BOD_IRQHandler ; Brown out dete
                                                            ctor interrupt
   73 00000048 00000000        DCD              FMC_IRQHandler ; Flash Memory C
                                                            ontroller interrupt
                                                            
   74 0000004C 00000000        DCD              EEPROM_IRQHandler 
                                                            ; EEPROM interrupt
   75 00000050 00000000        DCD              DMA_IRQHandler ; DMA Controller
                                                             interrupt
   76 00000054 00000000        DCD              GINT0_IRQHandler ; Port interru
                                                            pt group 0
   77 00000058 00000000        DCD              GINT1_IRQHandler ; Port interru
                                                            pt group 1
   78 0000005C 00000000        DCD              PIN_INT0_IRQHandler 
                                                            ; Pin interrupt 0
   79 00000060 00000000        DCD              PIN_INT1_IRQHandler 
                                                            ; Pin interrupt 1
   80 00000064 00000000        DCD              PIN_INT2_IRQHandler 
                                                            ; Pin interrupt 2
   81 00000068 00000000        DCD              PIN_INT3_IRQHandler 
                                                            ; Pin interrupt 3
   82 0000006C 00000000        DCD              PIN_INT4_IRQHandler 



ARM Macro Assembler    Page 3 


                                                            ; Pin interrupt 4
   83 00000070 00000000        DCD              PIN_INT5_IRQHandler 
                                                            ; Pin interrupt 5
   84 00000074 00000000        DCD              PIN_INT6_IRQHandler 
                                                            ; Pin interrupt 6
   85 00000078 00000000        DCD              PIN_INT7_IRQHandler 
                                                            ; Pin interrupt 7
   86 0000007C 00000000        DCD              RIT_IRQHandler 
                                                            ; RITimer interrupt
                                                            
   87 00000080 00000000        DCD              SCT0_IRQHandler 
                                                            ; SCT 0 interrupt
   88 00000084 00000000        DCD              SCT1_IRQHandler 
                                                            ; SCT 1 interrupt
   89 00000088 00000000        DCD              SCT2_IRQHandler 
                                                            ; SCT 2 interrupt
   90 0000008C 00000000        DCD              SCT3_IRQHandler 
                                                            ; SCT 3 interrupt
   91 00000090 00000000        DCD              MRT_IRQHandler ; Multi-rate tim
                                                            er interrupt
   92 00000094 00000000        DCD              UART0_IRQHandler 
                                                            ; UART 0 interrupt
   93 00000098 00000000        DCD              UART1_IRQHandler 
                                                            ; UART 1 interrupt
   94 0000009C 00000000        DCD              UART2_IRQHandler 
                                                            ; UART 2 interrupt
   95 000000A0 00000000        DCD              I2C0_IRQHandler 
                                                            ; I2C1 interrupt
   96 000000A4 00000000        DCD              SPI0_IRQHandler 
                                                            ; SPI0 interrupt
   97 000000A8 00000000        DCD              SPI1_IRQHandler 
                                                            ; SPI1 interrupt
   98 000000AC 00000000        DCD              CAN_IRQHandler ; CAN interrupt
   99 000000B0 00000000        DCD              USB_IRQHandler 
                                                            ; USB IRQ interrupt
                                                            
  100 000000B4 00000000        DCD              USB_FIQHandler 
                                                            ; USB FIQ interrupt
                                                            
  101 000000B8 00000000        DCD              USBWakeup_IRQHandler ; USB wake
                                                            -up interrupt
  102 000000BC 00000000        DCD              ADC0A_IRQHandler ; ADC0 A seque
                                                            nce (A/D Converter)
                                                             interrupt
  103 000000C0 00000000        DCD              ADC0B_IRQHandler ; ADC0 B seque
                                                            nce (A/D Converter)
                                                             interrupt
  104 000000C4 00000000        DCD              ADC0_THCMP_IRQHandler ; ADC0 th
                                                            reshold compare int
                                                            errupt
  105 000000C8 00000000        DCD              ADC0_OVR_IRQHandler ; ADC0 over
                                                            run interrupt
  106 000000CC 00000000        DCD              ADC1A_IRQHandler ; ADC1 A seque
                                                            nce (A/D Converter)
                                                             interrupt
  107 000000D0 00000000        DCD              ADC1B_IRQHandler ; ADC1 B seque
                                                            nce (A/D Converter)
                                                             interrupt
  108 000000D4 00000000        DCD              ADC1_THCMP_IRQHandler ; ADC1 th



ARM Macro Assembler    Page 4 


                                                            reshold compare int
                                                            errupt
  109 000000D8 00000000        DCD              ADC1_OVR_IRQHandler ; ADC1 over
                                                            run interrupt
  110 000000DC 00000000        DCD              DAC_IRQHandler ; DAC interrupt
  111 000000E0 00000000        DCD              ACMP0_IRQHandler ; Analog compa
                                                            rator 0 interrupt
  112 000000E4 00000000        DCD              ACMP1_IRQHandler ; Analog compa
                                                            rator 1 interrupt
  113 000000E8 00000000        DCD              ACMP2_IRQHandler ; Analog compa
                                                            rator 2 interrupt
  114 000000EC 00000000        DCD              ACMP3_IRQHandler ; Analog compa
                                                            rator 3 interrupt
  115 000000F0 00000000        DCD              QEI_IRQHandler ; QEI interrupt
  116 000000F4 00000000        DCD              RTC_ALARM_IRQHandler ; RTC alar
                                                            m interrupt
  117 000000F8 00000000        DCD              RTC_WAKE_IRQHandler ; RTC wake-
                                                            up interrupt
  118 000000FC         
  119 000000FC                 IF               :LNOT::DEF:NO_CRP
  122                          ENDIF
  123 000000FC         
  124 000000FC                 AREA             |.text|, CODE, READONLY
  125 00000000         
  126 00000000         ; Reset Handler
  127 00000000         
  128 00000000         Reset_Handler
                               PROC
  129 00000000                 EXPORT           Reset_Handler             [WEAK
]
  130 00000000                 IMPORT           SystemInit
  131 00000000                 IMPORT           __main
  132 00000000 4808            LDR              R0, =SystemInit
  133 00000002 4780            BLX              R0
  134 00000004 4808            LDR              R0, =__main
  135 00000006 4700            BX               R0
  136 00000008                 ENDP
  137 00000008         
  138 00000008         ; Dummy Exception Handlers (infinite loops which can be 
                       modified)
  139 00000008         
  140 00000008         ; now, under COMMON NMI.c and NMI.h, a real NMI handler 
                       is created if NMI is enabled
  141 00000008         ; for particular peripheral.
  142 00000008         NMI_Handler
                               PROC
  143 00000008                 EXPORT           NMI_Handler               [WEAK
]
  144 00000008 E7FE            B                .
  145 0000000A                 ENDP
  147 0000000A         HardFault_Handler
                               PROC
  148 0000000A                 EXPORT           HardFault_Handler         [WEAK
]
  149 0000000A E7FE            B                .
  150 0000000C                 ENDP
  151 0000000C         SVC_Handler
                               PROC
  152 0000000C                 EXPORT           SVC_Handler               [WEAK



ARM Macro Assembler    Page 5 


]
  153 0000000C E7FE            B                .
  154 0000000E                 ENDP
  155 0000000E         PendSV_Handler
                               PROC
  156 0000000E                 EXPORT           PendSV_Handler            [WEAK
]
  157 0000000E E7FE            B                .
  158 00000010                 ENDP
  159 00000010         SysTick_Handler
                               PROC
  160 00000010                 EXPORT           SysTick_Handler           [WEAK
]
  161 00000010 E7FE            B                .
  162 00000012                 ENDP
  163 00000012         Reserved_IRQHandler
                               PROC
  164 00000012                 EXPORT           Reserved_IRQHandler       [WEAK
]
  165 00000012 E7FE            B                .
  166 00000014                 ENDP
  167 00000014         
  168 00000014         Default_Handler
                               PROC
  169 00000014                 EXPORT           WDT_IRQHandler            [WEAK
]
  170 00000014                 EXPORT           BOD_IRQHandler            [WEAK
]
  171 00000014                 EXPORT           FMC_IRQHandler            [WEAK
]
  172 00000014                 EXPORT           EEPROM_IRQHandler         [WEAK
]
  173 00000014                 EXPORT           DMA_IRQHandler            [WEAK
]
  174 00000014                 EXPORT           GINT0_IRQHandler          [WEAK
]
  175 00000014                 EXPORT           GINT1_IRQHandler          [WEAK
]
  176 00000014                 EXPORT           PIN_INT0_IRQHandler       [WEAK
]
  177 00000014                 EXPORT           PIN_INT1_IRQHandler       [WEAK
]
  178 00000014                 EXPORT           PIN_INT2_IRQHandler       [WEAK
]
  179 00000014                 EXPORT           PIN_INT3_IRQHandler       [WEAK
]
  180 00000014                 EXPORT           PIN_INT4_IRQHandler       [WEAK
]
  181 00000014                 EXPORT           PIN_INT5_IRQHandler       [WEAK
]
  182 00000014                 EXPORT           PIN_INT6_IRQHandler       [WEAK
]
  183 00000014                 EXPORT           PIN_INT7_IRQHandler       [WEAK
]
  184 00000014                 EXPORT           RIT_IRQHandler            [WEAK
]
  185 00000014                 EXPORT           SCT0_IRQHandler           [WEAK
]
  186 00000014                 EXPORT           SCT1_IRQHandler           [WEAK



ARM Macro Assembler    Page 6 


]
  187 00000014                 EXPORT           SCT2_IRQHandler           [WEAK
]
  188 00000014                 EXPORT           SCT3_IRQHandler           [WEAK
]
  189 00000014                 EXPORT           MRT_IRQHandler            [WEAK
]
  190 00000014                 EXPORT           UART0_IRQHandler          [WEAK
]
  191 00000014                 EXPORT           UART1_IRQHandler          [WEAK
]
  192 00000014                 EXPORT           UART2_IRQHandler          [WEAK
]
  193 00000014                 EXPORT           I2C0_IRQHandler           [WEAK
]
  194 00000014                 EXPORT           SPI0_IRQHandler           [WEAK
]
  195 00000014                 EXPORT           SPI1_IRQHandler           [WEAK
]
  196 00000014                 EXPORT           CAN_IRQHandler            [WEAK
]
  197 00000014                 EXPORT           USB_IRQHandler            [WEAK
]
  198 00000014                 EXPORT           USB_FIQHandler            [WEAK
]
  199 00000014                 EXPORT           USBWakeup_IRQHandler      [WEAK
]
  200 00000014                 EXPORT           ADC0A_IRQHandler          [WEAK
]
  201 00000014                 EXPORT           ADC0B_IRQHandler          [WEAK
]
  202 00000014                 EXPORT           ADC0_THCMP_IRQHandler     [WEAK
]
  203 00000014                 EXPORT           ADC0_OVR_IRQHandler       [WEAK
]
  204 00000014                 EXPORT           ADC1A_IRQHandler          [WEAK
]
  205 00000014                 EXPORT           ADC1B_IRQHandler          [WEAK
]
  206 00000014                 EXPORT           ADC1_THCMP_IRQHandler     [WEAK
]
  207 00000014                 EXPORT           ADC1_OVR_IRQHandler       [WEAK
]
  208 00000014                 EXPORT           DAC_IRQHandler            [WEAK
]
  209 00000014                 EXPORT           ACMP0_IRQHandler          [WEAK
]
  210 00000014                 EXPORT           ACMP1_IRQHandler          [WEAK
]
  211 00000014                 EXPORT           ACMP2_IRQHandler          [WEAK
]
  212 00000014                 EXPORT           ACMP3_IRQHandler          [WEAK
]
  213 00000014                 EXPORT           QEI_IRQHandler            [WEAK
]
  214 00000014                 EXPORT           RTC_ALARM_IRQHandler      [WEAK
]
  215 00000014                 EXPORT           RTC_WAKE_IRQHandler       [WEAK
]



ARM Macro Assembler    Page 7 


  216 00000014         
  217 00000014         WDT_IRQHandler
  218 00000014         BOD_IRQHandler
  219 00000014         FMC_IRQHandler
  220 00000014         EEPROM_IRQHandler
  221 00000014         DMA_IRQHandler
  222 00000014         GINT0_IRQHandler
  223 00000014         GINT1_IRQHandler
  224 00000014         PIN_INT0_IRQHandler
  225 00000014         PIN_INT1_IRQHandler
  226 00000014         PIN_INT2_IRQHandler
  227 00000014         PIN_INT3_IRQHandler
  228 00000014         PIN_INT4_IRQHandler
  229 00000014         PIN_INT5_IRQHandler
  230 00000014         PIN_INT6_IRQHandler
  231 00000014         PIN_INT7_IRQHandler
  232 00000014         RIT_IRQHandler
  233 00000014         SCT0_IRQHandler
  234 00000014         SCT1_IRQHandler
  235 00000014         SCT2_IRQHandler
  236 00000014         SCT3_IRQHandler
  237 00000014         MRT_IRQHandler
  238 00000014         UART0_IRQHandler
  239 00000014         UART1_IRQHandler
  240 00000014         UART2_IRQHandler
  241 00000014         I2C0_IRQHandler
  242 00000014         SPI0_IRQHandler
  243 00000014         SPI1_IRQHandler
  244 00000014         CAN_IRQHandler
  245 00000014         USB_IRQHandler
  246 00000014         USB_FIQHandler
  247 00000014         USBWakeup_IRQHandler
  248 00000014         ADC0A_IRQHandler
  249 00000014         ADC0B_IRQHandler
  250 00000014         ADC0_THCMP_IRQHandler
  251 00000014         ADC0_OVR_IRQHandler
  252 00000014         ADC1A_IRQHandler
  253 00000014         ADC1B_IRQHandler
  254 00000014         ADC1_THCMP_IRQHandler
  255 00000014         ADC1_OVR_IRQHandler
  256 00000014         DAC_IRQHandler
  257 00000014         ACMP0_IRQHandler
  258 00000014         ACMP1_IRQHandler
  259 00000014         ACMP2_IRQHandler
  260 00000014         ACMP3_IRQHandler
  261 00000014         QEI_IRQHandler
  262 00000014         RTC_ALARM_IRQHandler
  263 00000014         RTC_WAKE_IRQHandler
  264 00000014         
  265 00000014 E7FE            B                .
  266 00000016         
  267 00000016                 ENDP
  268 00000016         
  269 00000016 00 00           ALIGN
  270 00000018         
  271 00000018         ; User Initial Stack & Heap
  272 00000018         
  273 00000018                 IF               :DEF:__MICROLIB
  280 00000018         



ARM Macro Assembler    Page 8 


  281 00000018                 IMPORT           __use_two_region_memory
  282 00000018                 EXPORT           __user_initial_stackheap
  283 00000018         __user_initial_stackheap
  284 00000018         
  285 00000018 4804            LDR              R0, =  Heap_Mem
  286 0000001A 4905            LDR              R1, =(Stack_Mem + Stack_Size)
  287 0000001C 4A05            LDR              R2, = (Heap_Mem +  Heap_Size)
  288 0000001E 4B06            LDR              R3, = Stack_Mem
  289 00000020 4770            BX               LR
  290 00000022         
  291 00000022 00 00           ALIGN
  292 00000024         
  293 00000024                 ENDIF
  294 00000024         
  295 00000024                 END
              00000000 
              00000000 
              00000000 
              00000800 
              00001000 
              00000000 
Command Line: --debug --xref --diag_suppress=9931 --cpu=Cortex-M3 --apcs=interw
ork --depend=.\keil_output\iflash_nxp_lpcxpresso_1549\keil_freertos_startup_lpc
15xx.d -o.\keil_output\iflash_nxp_lpcxpresso_1549\keil_freertos_startup_lpc15xx
.o -IC:\Keil_v5\ARM\RV31\INC -IC:\Keil_v5\ARM\CMSIS\Include -IC:\Keil_v5\ARM\In
c\NXP\LPC15xx --predefine="__EVAL SETA 1" --predefine="__UVISION_VERSION SETA 5
16" --predefine="NO_CRP SETA 1" --list=.\keil_output\iflash_nxp_lpcxpresso_1549
\keil_freertos_startup_lpc15xx.lst examples\freertos\startup_code\keil_freertos
_startup_lpc15xx.s



ARM Macro Assembler    Page 1 Alphabetic symbol ordering
Relocatable symbols

STACK 00000000

Symbol: STACK
   Definitions
      At line 28 in file examples\freertos\startup_code\keil_freertos_startup_l
pc15xx.s
   Uses
      None
Comment: STACK unused
Stack_Mem 00000000

Symbol: Stack_Mem
   Definitions
      At line 29 in file examples\freertos\startup_code\keil_freertos_startup_l
pc15xx.s
   Uses
      At line 286 in file examples\freertos\startup_code\keil_freertos_startup_
lpc15xx.s
      At line 288 in file examples\freertos\startup_code\keil_freertos_startup_
lpc15xx.s

__initial_sp 00000800

Symbol: __initial_sp
   Definitions
      At line 30 in file examples\freertos\startup_code\keil_freertos_startup_l
pc15xx.s
   Uses
      At line 54 in file examples\freertos\startup_code\keil_freertos_startup_l
pc15xx.s
Comment: __initial_sp used once
3 symbols



ARM Macro Assembler    Page 1 Alphabetic symbol ordering
Relocatable symbols

HEAP 00000000

Symbol: HEAP
   Definitions
      At line 39 in file examples\freertos\startup_code\keil_freertos_startup_l
pc15xx.s
   Uses
      None
Comment: HEAP unused
Heap_Mem 00000000

Symbol: Heap_Mem
   Definitions
      At line 41 in file examples\freertos\startup_code\keil_freertos_startup_l
pc15xx.s
   Uses
      At line 285 in file examples\freertos\startup_code\keil_freertos_startup_
lpc15xx.s
      At line 287 in file examples\freertos\startup_code\keil_freertos_startup_
lpc15xx.s

__heap_base 00000000

Symbol: __heap_base
   Definitions
      At line 40 in file examples\freertos\startup_code\keil_freertos_startup_l
pc15xx.s
   Uses
      None
Comment: __heap_base unused
__heap_limit 00001000

Symbol: __heap_limit
   Definitions
      At line 42 in file examples\freertos\startup_code\keil_freertos_startup_l
pc15xx.s
   Uses
      None
Comment: __heap_limit unused
4 symbols



ARM Macro Assembler    Page 1 Alphabetic symbol ordering
Relocatable symbols

RESET 00000000

Symbol: RESET
   Definitions
      At line 51 in file examples\freertos\startup_code\keil_freertos_startup_l
pc15xx.s
   Uses
      None
Comment: RESET unused
__Vectors 00000000

Symbol: __Vectors
   Definitions
      At line 54 in file examples\freertos\startup_code\keil_freertos_startup_l
pc15xx.s
   Uses
      At line 52 in file examples\freertos\startup_code\keil_freertos_startup_l
pc15xx.s
Comment: __Vectors used once
2 symbols



ARM Macro Assembler    Page 1 Alphabetic symbol ordering
Relocatable symbols

.text 00000000

Symbol: .text
   Definitions
      At line 124 in file examples\freertos\startup_code\keil_freertos_startup_
lpc15xx.s
   Uses
      None
Comment: .text unused
ACMP0_IRQHandler 00000014

Symbol: ACMP0_IRQHandler
   Definitions
      At line 257 in file examples\freertos\startup_code\keil_freertos_startup_
lpc15xx.s
   Uses
      At line 111 in file examples\freertos\startup_code\keil_freertos_startup_
lpc15xx.s
      At line 209 in file examples\freertos\startup_code\keil_freertos_startup_
lpc15xx.s

ACMP1_IRQHandler 00000014

Symbol: ACMP1_IRQHandler
   Definitions
      At line 258 in file examples\freertos\startup_code\keil_freertos_startup_
lpc15xx.s
   Uses
      At line 112 in file examples\freertos\startup_code\keil_freertos_startup_
lpc15xx.s
      At line 210 in file examples\freertos\startup_code\keil_freertos_startup_
lpc15xx.s

ACMP2_IRQHandler 00000014

Symbol: ACMP2_IRQHandler
   Definitions
      At line 259 in file examples\freertos\startup_code\keil_freertos_startup_
lpc15xx.s
   Uses
      At line 113 in file examples\freertos\startup_code\keil_freertos_startup_
lpc15xx.s
      At line 211 in file examples\freertos\startup_code\keil_freertos_startup_
lpc15xx.s

ACMP3_IRQHandler 00000014

Symbol: ACMP3_IRQHandler
   Definitions
      At line 260 in file examples\freertos\startup_code\keil_freertos_startup_
lpc15xx.s
   Uses
      At line 114 in file examples\freertos\startup_code\keil_freertos_startup_
lpc15xx.s
      At line 212 in file examples\freertos\startup_code\keil_freertos_startup_
lpc15xx.s

ADC0A_IRQHandler 00000014




ARM Macro Assembler    Page 2 Alphabetic symbol ordering
Relocatable symbols

Symbol: ADC0A_IRQHandler
   Definitions
      At line 248 in file examples\freertos\startup_code\keil_freertos_startup_
lpc15xx.s
   Uses
      At line 102 in file examples\freertos\startup_code\keil_freertos_startup_
lpc15xx.s
      At line 200 in file examples\freertos\startup_code\keil_freertos_startup_
lpc15xx.s

ADC0B_IRQHandler 00000014

Symbol: ADC0B_IRQHandler
   Definitions
      At line 249 in file examples\freertos\startup_code\keil_freertos_startup_
lpc15xx.s
   Uses
      At line 103 in file examples\freertos\startup_code\keil_freertos_startup_
lpc15xx.s
      At line 201 in file examples\freertos\startup_code\keil_freertos_startup_
lpc15xx.s

ADC0_OVR_IRQHandler 00000014

Symbol: ADC0_OVR_IRQHandler
   Definitions
      At line 251 in file examples\freertos\startup_code\keil_freertos_startup_
lpc15xx.s
   Uses
      At line 105 in file examples\freertos\startup_code\keil_freertos_startup_
lpc15xx.s
      At line 203 in file examples\freertos\startup_code\keil_freertos_startup_
lpc15xx.s

ADC0_THCMP_IRQHandler 00000014

Symbol: ADC0_THCMP_IRQHandler
   Definitions
      At line 250 in file examples\freertos\startup_code\keil_freertos_startup_
lpc15xx.s
   Uses
      At line 104 in file examples\freertos\startup_code\keil_freertos_startup_
lpc15xx.s
      At line 202 in file examples\freertos\startup_code\keil_freertos_startup_
lpc15xx.s

ADC1A_IRQHandler 00000014

Symbol: ADC1A_IRQHandler
   Definitions
      At line 252 in file examples\freertos\startup_code\keil_freertos_startup_
lpc15xx.s
   Uses
      At line 106 in file examples\freertos\startup_code\keil_freertos_startup_
lpc15xx.s
      At line 204 in file examples\freertos\startup_code\keil_freertos_startup_
lpc15xx.s

ADC1B_IRQHandler 00000014



ARM Macro Assembler    Page 3 Alphabetic symbol ordering
Relocatable symbols


Symbol: ADC1B_IRQHandler
   Definitions
      At line 253 in file examples\freertos\startup_code\keil_freertos_startup_
lpc15xx.s
   Uses
      At line 107 in file examples\freertos\startup_code\keil_freertos_startup_
lpc15xx.s
      At line 205 in file examples\freertos\startup_code\keil_freertos_startup_
lpc15xx.s

ADC1_OVR_IRQHandler 00000014

Symbol: ADC1_OVR_IRQHandler
   Definitions
      At line 255 in file examples\freertos\startup_code\keil_freertos_startup_
lpc15xx.s
   Uses
      At line 109 in file examples\freertos\startup_code\keil_freertos_startup_
lpc15xx.s
      At line 207 in file examples\freertos\startup_code\keil_freertos_startup_
lpc15xx.s

ADC1_THCMP_IRQHandler 00000014

Symbol: ADC1_THCMP_IRQHandler
   Definitions
      At line 254 in file examples\freertos\startup_code\keil_freertos_startup_
lpc15xx.s
   Uses
      At line 108 in file examples\freertos\startup_code\keil_freertos_startup_
lpc15xx.s
      At line 206 in file examples\freertos\startup_code\keil_freertos_startup_
lpc15xx.s

BOD_IRQHandler 00000014

Symbol: BOD_IRQHandler
   Definitions
      At line 218 in file examples\freertos\startup_code\keil_freertos_startup_
lpc15xx.s
   Uses
      At line 72 in file examples\freertos\startup_code\keil_freertos_startup_l
pc15xx.s
      At line 170 in file examples\freertos\startup_code\keil_freertos_startup_
lpc15xx.s

CAN_IRQHandler 00000014

Symbol: CAN_IRQHandler
   Definitions
      At line 244 in file examples\freertos\startup_code\keil_freertos_startup_
lpc15xx.s
   Uses
      At line 98 in file examples\freertos\startup_code\keil_freertos_startup_l
pc15xx.s
      At line 196 in file examples\freertos\startup_code\keil_freertos_startup_
lpc15xx.s




ARM Macro Assembler    Page 4 Alphabetic symbol ordering
Relocatable symbols

DAC_IRQHandler 00000014

Symbol: DAC_IRQHandler
   Definitions
      At line 256 in file examples\freertos\startup_code\keil_freertos_startup_
lpc15xx.s
   Uses
      At line 110 in file examples\freertos\startup_code\keil_freertos_startup_
lpc15xx.s
      At line 208 in file examples\freertos\startup_code\keil_freertos_startup_
lpc15xx.s

DMA_IRQHandler 00000014

Symbol: DMA_IRQHandler
   Definitions
      At line 221 in file examples\freertos\startup_code\keil_freertos_startup_
lpc15xx.s
   Uses
      At line 75 in file examples\freertos\startup_code\keil_freertos_startup_l
pc15xx.s
      At line 173 in file examples\freertos\startup_code\keil_freertos_startup_
lpc15xx.s

Default_Handler 00000014

Symbol: Default_Handler
   Definitions
      At line 168 in file examples\freertos\startup_code\keil_freertos_startup_
lpc15xx.s
   Uses
      None
Comment: Default_Handler unused
EEPROM_IRQHandler 00000014

Symbol: EEPROM_IRQHandler
   Definitions
      At line 220 in file examples\freertos\startup_code\keil_freertos_startup_
lpc15xx.s
   Uses
      At line 74 in file examples\freertos\startup_code\keil_freertos_startup_l
pc15xx.s
      At line 172 in file examples\freertos\startup_code\keil_freertos_startup_
lpc15xx.s

FMC_IRQHandler 00000014

Symbol: FMC_IRQHandler
   Definitions
      At line 219 in file examples\freertos\startup_code\keil_freertos_startup_
lpc15xx.s
   Uses
      At line 73 in file examples\freertos\startup_code\keil_freertos_startup_l
pc15xx.s
      At line 171 in file examples\freertos\startup_code\keil_freertos_startup_
lpc15xx.s

GINT0_IRQHandler 00000014




ARM Macro Assembler    Page 5 Alphabetic symbol ordering
Relocatable symbols

Symbol: GINT0_IRQHandler
   Definitions
      At line 222 in file examples\freertos\startup_code\keil_freertos_startup_
lpc15xx.s
   Uses
      At line 76 in file examples\freertos\startup_code\keil_freertos_startup_l
pc15xx.s
      At line 174 in file examples\freertos\startup_code\keil_freertos_startup_
lpc15xx.s

GINT1_IRQHandler 00000014

Symbol: GINT1_IRQHandler
   Definitions
      At line 223 in file examples\freertos\startup_code\keil_freertos_startup_
lpc15xx.s
   Uses
      At line 77 in file examples\freertos\startup_code\keil_freertos_startup_l
pc15xx.s
      At line 175 in file examples\freertos\startup_code\keil_freertos_startup_
lpc15xx.s

HardFault_Handler 0000000A

Symbol: HardFault_Handler
   Definitions
      At line 147 in file examples\freertos\startup_code\keil_freertos_startup_
lpc15xx.s
   Uses
      At line 57 in file examples\freertos\startup_code\keil_freertos_startup_l
pc15xx.s
      At line 148 in file examples\freertos\startup_code\keil_freertos_startup_
lpc15xx.s

I2C0_IRQHandler 00000014

Symbol: I2C0_IRQHandler
   Definitions
      At line 241 in file examples\freertos\startup_code\keil_freertos_startup_
lpc15xx.s
   Uses
      At line 95 in file examples\freertos\startup_code\keil_freertos_startup_l
pc15xx.s
      At line 193 in file examples\freertos\startup_code\keil_freertos_startup_
lpc15xx.s

MRT_IRQHandler 00000014

Symbol: MRT_IRQHandler
   Definitions
      At line 237 in file examples\freertos\startup_code\keil_freertos_startup_
lpc15xx.s
   Uses
      At line 91 in file examples\freertos\startup_code\keil_freertos_startup_l
pc15xx.s
      At line 189 in file examples\freertos\startup_code\keil_freertos_startup_
lpc15xx.s

NMI_Handler 00000008



ARM Macro Assembler    Page 6 Alphabetic symbol ordering
Relocatable symbols


Symbol: NMI_Handler
   Definitions
      At line 142 in file examples\freertos\startup_code\keil_freertos_startup_
lpc15xx.s
   Uses
      At line 56 in file examples\freertos\startup_code\keil_freertos_startup_l
pc15xx.s
      At line 143 in file examples\freertos\startup_code\keil_freertos_startup_
lpc15xx.s

PIN_INT0_IRQHandler 00000014

Symbol: PIN_INT0_IRQHandler
   Definitions
      At line 224 in file examples\freertos\startup_code\keil_freertos_startup_
lpc15xx.s
   Uses
      At line 78 in file examples\freertos\startup_code\keil_freertos_startup_l
pc15xx.s
      At line 176 in file examples\freertos\startup_code\keil_freertos_startup_
lpc15xx.s

PIN_INT1_IRQHandler 00000014

Symbol: PIN_INT1_IRQHandler
   Definitions
      At line 225 in file examples\freertos\startup_code\keil_freertos_startup_
lpc15xx.s
   Uses
      At line 79 in file examples\freertos\startup_code\keil_freertos_startup_l
pc15xx.s
      At line 177 in file examples\freertos\startup_code\keil_freertos_startup_
lpc15xx.s

PIN_INT2_IRQHandler 00000014

Symbol: PIN_INT2_IRQHandler
   Definitions
      At line 226 in file examples\freertos\startup_code\keil_freertos_startup_
lpc15xx.s
   Uses
      At line 80 in file examples\freertos\startup_code\keil_freertos_startup_l
pc15xx.s
      At line 178 in file examples\freertos\startup_code\keil_freertos_startup_
lpc15xx.s

PIN_INT3_IRQHandler 00000014

Symbol: PIN_INT3_IRQHandler
   Definitions
      At line 227 in file examples\freertos\startup_code\keil_freertos_startup_
lpc15xx.s
   Uses
      At line 81 in file examples\freertos\startup_code\keil_freertos_startup_l
pc15xx.s
      At line 179 in file examples\freertos\startup_code\keil_freertos_startup_
lpc15xx.s




ARM Macro Assembler    Page 7 Alphabetic symbol ordering
Relocatable symbols

PIN_INT4_IRQHandler 00000014

Symbol: PIN_INT4_IRQHandler
   Definitions
      At line 228 in file examples\freertos\startup_code\keil_freertos_startup_
lpc15xx.s
   Uses
      At line 82 in file examples\freertos\startup_code\keil_freertos_startup_l
pc15xx.s
      At line 180 in file examples\freertos\startup_code\keil_freertos_startup_
lpc15xx.s

PIN_INT5_IRQHandler 00000014

Symbol: PIN_INT5_IRQHandler
   Definitions
      At line 229 in file examples\freertos\startup_code\keil_freertos_startup_
lpc15xx.s
   Uses
      At line 83 in file examples\freertos\startup_code\keil_freertos_startup_l
pc15xx.s
      At line 181 in file examples\freertos\startup_code\keil_freertos_startup_
lpc15xx.s

PIN_INT6_IRQHandler 00000014

Symbol: PIN_INT6_IRQHandler
   Definitions
      At line 230 in file examples\freertos\startup_code\keil_freertos_startup_
lpc15xx.s
   Uses
      At line 84 in file examples\freertos\startup_code\keil_freertos_startup_l
pc15xx.s
      At line 182 in file examples\freertos\startup_code\keil_freertos_startup_
lpc15xx.s

PIN_INT7_IRQHandler 00000014

Symbol: PIN_INT7_IRQHandler
   Definitions
      At line 231 in file examples\freertos\startup_code\keil_freertos_startup_
lpc15xx.s
   Uses
      At line 85 in file examples\freertos\startup_code\keil_freertos_startup_l
pc15xx.s
      At line 183 in file examples\freertos\startup_code\keil_freertos_startup_
lpc15xx.s

PendSV_Handler 0000000E

Symbol: PendSV_Handler
   Definitions
      At line 155 in file examples\freertos\startup_code\keil_freertos_startup_
lpc15xx.s
   Uses
      At line 68 in file examples\freertos\startup_code\keil_freertos_startup_l
pc15xx.s
      At line 156 in file examples\freertos\startup_code\keil_freertos_startup_
lpc15xx.s



ARM Macro Assembler    Page 8 Alphabetic symbol ordering
Relocatable symbols


QEI_IRQHandler 00000014

Symbol: QEI_IRQHandler
   Definitions
      At line 261 in file examples\freertos\startup_code\keil_freertos_startup_
lpc15xx.s
   Uses
      At line 115 in file examples\freertos\startup_code\keil_freertos_startup_
lpc15xx.s
      At line 213 in file examples\freertos\startup_code\keil_freertos_startup_
lpc15xx.s

RIT_IRQHandler 00000014

Symbol: RIT_IRQHandler
   Definitions
      At line 232 in file examples\freertos\startup_code\keil_freertos_startup_
lpc15xx.s
   Uses
      At line 86 in file examples\freertos\startup_code\keil_freertos_startup_l
pc15xx.s
      At line 184 in file examples\freertos\startup_code\keil_freertos_startup_
lpc15xx.s

RTC_ALARM_IRQHandler 00000014

Symbol: RTC_ALARM_IRQHandler
   Definitions
      At line 262 in file examples\freertos\startup_code\keil_freertos_startup_
lpc15xx.s
   Uses
      At line 116 in file examples\freertos\startup_code\keil_freertos_startup_
lpc15xx.s
      At line 214 in file examples\freertos\startup_code\keil_freertos_startup_
lpc15xx.s

RTC_WAKE_IRQHandler 00000014

Symbol: RTC_WAKE_IRQHandler
   Definitions
      At line 263 in file examples\freertos\startup_code\keil_freertos_startup_
lpc15xx.s
   Uses
      At line 117 in file examples\freertos\startup_code\keil_freertos_startup_
lpc15xx.s
      At line 215 in file examples\freertos\startup_code\keil_freertos_startup_
lpc15xx.s

Reserved_IRQHandler 00000012

Symbol: Reserved_IRQHandler
   Definitions
      At line 163 in file examples\freertos\startup_code\keil_freertos_startup_
lpc15xx.s
   Uses
      At line 164 in file examples\freertos\startup_code\keil_freertos_startup_
lpc15xx.s
Comment: Reserved_IRQHandler used once



ARM Macro Assembler    Page 9 Alphabetic symbol ordering
Relocatable symbols

Reset_Handler 00000000

Symbol: Reset_Handler
   Definitions
      At line 128 in file examples\freertos\startup_code\keil_freertos_startup_
lpc15xx.s
   Uses
      At line 55 in file examples\freertos\startup_code\keil_freertos_startup_l
pc15xx.s
      At line 129 in file examples\freertos\startup_code\keil_freertos_startup_
lpc15xx.s

SCT0_IRQHandler 00000014

Symbol: SCT0_IRQHandler
   Definitions
      At line 233 in file examples\freertos\startup_code\keil_freertos_startup_
lpc15xx.s
   Uses
      At line 87 in file examples\freertos\startup_code\keil_freertos_startup_l
pc15xx.s
      At line 185 in file examples\freertos\startup_code\keil_freertos_startup_
lpc15xx.s

SCT1_IRQHandler 00000014

Symbol: SCT1_IRQHandler
   Definitions
      At line 234 in file examples\freertos\startup_code\keil_freertos_startup_
lpc15xx.s
   Uses
      At line 88 in file examples\freertos\startup_code\keil_freertos_startup_l
pc15xx.s
      At line 186 in file examples\freertos\startup_code\keil_freertos_startup_
lpc15xx.s

SCT2_IRQHandler 00000014

Symbol: SCT2_IRQHandler
   Definitions
      At line 235 in file examples\freertos\startup_code\keil_freertos_startup_
lpc15xx.s
   Uses
      At line 89 in file examples\freertos\startup_code\keil_freertos_startup_l
pc15xx.s
      At line 187 in file examples\freertos\startup_code\keil_freertos_startup_
lpc15xx.s

SCT3_IRQHandler 00000014

Symbol: SCT3_IRQHandler
   Definitions
      At line 236 in file examples\freertos\startup_code\keil_freertos_startup_
lpc15xx.s
   Uses
      At line 90 in file examples\freertos\startup_code\keil_freertos_startup_l
pc15xx.s
      At line 188 in file examples\freertos\startup_code\keil_freertos_startup_
lpc15xx.s



ARM Macro Assembler    Page 10 Alphabetic symbol ordering
Relocatable symbols


SPI0_IRQHandler 00000014

Symbol: SPI0_IRQHandler
   Definitions
      At line 242 in file examples\freertos\startup_code\keil_freertos_startup_
lpc15xx.s
   Uses
      At line 96 in file examples\freertos\startup_code\keil_freertos_startup_l
pc15xx.s
      At line 194 in file examples\freertos\startup_code\keil_freertos_startup_
lpc15xx.s

SPI1_IRQHandler 00000014

Symbol: SPI1_IRQHandler
   Definitions
      At line 243 in file examples\freertos\startup_code\keil_freertos_startup_
lpc15xx.s
   Uses
      At line 97 in file examples\freertos\startup_code\keil_freertos_startup_l
pc15xx.s
      At line 195 in file examples\freertos\startup_code\keil_freertos_startup_
lpc15xx.s

SVC_Handler 0000000C

Symbol: SVC_Handler
   Definitions
      At line 151 in file examples\freertos\startup_code\keil_freertos_startup_
lpc15xx.s
   Uses
      At line 65 in file examples\freertos\startup_code\keil_freertos_startup_l
pc15xx.s
      At line 152 in file examples\freertos\startup_code\keil_freertos_startup_
lpc15xx.s

SysTick_Handler 00000010

Symbol: SysTick_Handler
   Definitions
      At line 159 in file examples\freertos\startup_code\keil_freertos_startup_
lpc15xx.s
   Uses
      At line 69 in file examples\freertos\startup_code\keil_freertos_startup_l
pc15xx.s
      At line 160 in file examples\freertos\startup_code\keil_freertos_startup_
lpc15xx.s

UART0_IRQHandler 00000014

Symbol: UART0_IRQHandler
   Definitions
      At line 238 in file examples\freertos\startup_code\keil_freertos_startup_
lpc15xx.s
   Uses
      At line 92 in file examples\freertos\startup_code\keil_freertos_startup_l
pc15xx.s
      At line 190 in file examples\freertos\startup_code\keil_freertos_startup_



ARM Macro Assembler    Page 11 Alphabetic symbol ordering
Relocatable symbols

lpc15xx.s

UART1_IRQHandler 00000014

Symbol: UART1_IRQHandler
   Definitions
      At line 239 in file examples\freertos\startup_code\keil_freertos_startup_
lpc15xx.s
   Uses
      At line 93 in file examples\freertos\startup_code\keil_freertos_startup_l
pc15xx.s
      At line 191 in file examples\freertos\startup_code\keil_freertos_startup_
lpc15xx.s

UART2_IRQHandler 00000014

Symbol: UART2_IRQHandler
   Definitions
      At line 240 in file examples\freertos\startup_code\keil_freertos_startup_
lpc15xx.s
   Uses
      At line 94 in file examples\freertos\startup_code\keil_freertos_startup_l
pc15xx.s
      At line 192 in file examples\freertos\startup_code\keil_freertos_startup_
lpc15xx.s

USBWakeup_IRQHandler 00000014

Symbol: USBWakeup_IRQHandler
   Definitions
      At line 247 in file examples\freertos\startup_code\keil_freertos_startup_
lpc15xx.s
   Uses
      At line 101 in file examples\freertos\startup_code\keil_freertos_startup_
lpc15xx.s
      At line 199 in file examples\freertos\startup_code\keil_freertos_startup_
lpc15xx.s

USB_FIQHandler 00000014

Symbol: USB_FIQHandler
   Definitions
      At line 246 in file examples\freertos\startup_code\keil_freertos_startup_
lpc15xx.s
   Uses
      At line 100 in file examples\freertos\startup_code\keil_freertos_startup_
lpc15xx.s
      At line 198 in file examples\freertos\startup_code\keil_freertos_startup_
lpc15xx.s

USB_IRQHandler 00000014

Symbol: USB_IRQHandler
   Definitions
      At line 245 in file examples\freertos\startup_code\keil_freertos_startup_
lpc15xx.s
   Uses
      At line 99 in file examples\freertos\startup_code\keil_freertos_startup_l
pc15xx.s



ARM Macro Assembler    Page 12 Alphabetic symbol ordering
Relocatable symbols

      At line 197 in file examples\freertos\startup_code\keil_freertos_startup_
lpc15xx.s

WDT_IRQHandler 00000014

Symbol: WDT_IRQHandler
   Definitions
      At line 217 in file examples\freertos\startup_code\keil_freertos_startup_
lpc15xx.s
   Uses
      At line 71 in file examples\freertos\startup_code\keil_freertos_startup_l
pc15xx.s
      At line 169 in file examples\freertos\startup_code\keil_freertos_startup_
lpc15xx.s

__user_initial_stackheap 00000018

Symbol: __user_initial_stackheap
   Definitions
      At line 283 in file examples\freertos\startup_code\keil_freertos_startup_
lpc15xx.s
   Uses
      At line 282 in file examples\freertos\startup_code\keil_freertos_startup_
lpc15xx.s
Comment: __user_initial_stackheap used once
57 symbols



ARM Macro Assembler    Page 1 Alphabetic symbol ordering
Absolute symbols

Heap_Size 00001000

Symbol: Heap_Size
   Definitions
      At line 37 in file examples\freertos\startup_code\keil_freertos_startup_l
pc15xx.s
   Uses
      At line 41 in file examples\freertos\startup_code\keil_freertos_startup_l
pc15xx.s
      At line 287 in file examples\freertos\startup_code\keil_freertos_startup_
lpc15xx.s

Stack_Size 00000800

Symbol: Stack_Size
   Definitions
      At line 26 in file examples\freertos\startup_code\keil_freertos_startup_l
pc15xx.s
   Uses
      At line 29 in file examples\freertos\startup_code\keil_freertos_startup_l
pc15xx.s
      At line 286 in file examples\freertos\startup_code\keil_freertos_startup_
lpc15xx.s

2 symbols



ARM Macro Assembler    Page 1 Alphabetic symbol ordering
External symbols

SystemInit 00000000

Symbol: SystemInit
   Definitions
      At line 130 in file examples\freertos\startup_code\keil_freertos_startup_
lpc15xx.s
   Uses
      At line 132 in file examples\freertos\startup_code\keil_freertos_startup_
lpc15xx.s
Comment: SystemInit used once
__main 00000000

Symbol: __main
   Definitions
      At line 131 in file examples\freertos\startup_code\keil_freertos_startup_
lpc15xx.s
   Uses
      At line 134 in file examples\freertos\startup_code\keil_freertos_startup_
lpc15xx.s
Comment: __main used once
__use_two_region_memory 00000000

Symbol: __use_two_region_memory
   Definitions
      At line 281 in file examples\freertos\startup_code\keil_freertos_startup_
lpc15xx.s
   Uses
      None
Comment: __use_two_region_memory unused
3 symbols
408 symbols in table
